1747387439.975161 client started (59253): version 3.5a, socket /private/tmp/tmux-501/default, protocol 8
1747387439.975198 on Darwin 24.4.0 Darwin Kernel Version 24.4.0: Fri Apr 11 18:33:47 PDT 2025; root:xnu-11417.101.15~117/RELEASE_ARM64_T6030
1747387439.975205 using libevent 2.1.12-stable select
1747387439.975221 using utf8proc 2.10.0
1747387439.975224 using ncurses 6.5 20240427
1747387439.975235 flags are 0x10010000
1747387439.975239 socket is /private/tmp/tmux-501/default
1747387439.975246 trying connect
1747387439.975469 add peer 0x130008000: 6 (0x0)
1747387439.977064 sending message 111 to peer 0x130008000 (8 bytes)
1747387439.977070 sending message 111 to peer 0x130008000 (8 bytes)
1747387439.977073 sending message 101 to peer 0x130008000 (14 bytes)
1747387439.977076 sending message 109 to peer 0x130008000 (4 bytes)
1747387439.977079 sending message 102 to peer 0x130008000 (13 bytes)
1747387439.977082 sending message 108 to peer 0x130008000 (30 bytes)
1747387439.977085 sending message 112 to peer 0x130008000 (70 bytes)
1747387439.977088 sending message 112 to peer 0x130008000 (5 bytes)
1747387439.977091 sending message 112 to peer 0x130008000 (5 bytes)
1747387439.977093 sending message 112 to peer 0x130008000 (6 bytes)
1747387439.977096 sending message 112 to peer 0x130008000 (6 bytes)
1747387439.977099 sending message 112 to peer 0x130008000 (11 bytes)
1747387439.977101 sending message 112 to peer 0x130008000 (10 bytes)
1747387439.977104 sending message 112 to peer 0x130008000 (13 bytes)
1747387439.977106 sending message 112 to peer 0x130008000 (13 bytes)
1747387439.977109 sending message 112 to peer 0x130008000 (18 bytes)
1747387439.977112 sending message 112 to peer 0x130008000 (11 bytes)
1747387439.977114 sending message 112 to peer 0x130008000 (10 bytes)
1747387439.977117 sending message 112 to peer 0x130008000 (15 bytes)
1747387439.977119 sending message 112 to peer 0x130008000 (21 bytes)
1747387439.977122 sending message 112 to peer 0x130008000 (13 bytes)
1747387439.977124 sending message 112 to peer 0x130008000 (7 bytes)
1747387439.977127 sending message 112 to peer 0x130008000 (13 bytes)
1747387439.977129 sending message 112 to peer 0x130008000 (7 bytes)
1747387439.977132 sending message 112 to peer 0x130008000 (13 bytes)
1747387439.977134 sending message 112 to peer 0x130008000 (9 bytes)
1747387439.977137 sending message 112 to peer 0x130008000 (21 bytes)
1747387439.977140 sending message 112 to peer 0x130008000 (13 bytes)
1747387439.977142 sending message 112 to peer 0x130008000 (8 bytes)
1747387439.977145 sending message 112 to peer 0x130008000 (12 bytes)
1747387439.977147 sending message 112 to peer 0x130008000 (13 bytes)
1747387439.977150 sending message 112 to peer 0x130008000 (9 bytes)
1747387439.977152 sending message 112 to peer 0x130008000 (9 bytes)
1747387439.977155 sending message 112 to peer 0x130008000 (12 bytes)
1747387439.977157 sending message 112 to peer 0x130008000 (8 bytes)
1747387439.977160 sending message 112 to peer 0x130008000 (8 bytes)
1747387439.977162 sending message 112 to peer 0x130008000 (7 bytes)
1747387439.977165 sending message 112 to peer 0x130008000 (7 bytes)
1747387439.977167 sending message 112 to peer 0x130008000 (9 bytes)
1747387439.977170 sending message 112 to peer 0x130008000 (13 bytes)
1747387439.977172 sending message 112 to peer 0x130008000 (6 bytes)
1747387439.977175 sending message 112 to peer 0x130008000 (9 bytes)
1747387439.977177 sending message 112 to peer 0x130008000 (15 bytes)
1747387439.977180 sending message 112 to peer 0x130008000 (13 bytes)
1747387439.977182 sending message 112 to peer 0x130008000 (12 bytes)
1747387439.977185 sending message 112 to peer 0x130008000 (8 bytes)
1747387439.977187 sending message 112 to peer 0x130008000 (14 bytes)
1747387439.977190 sending message 112 to peer 0x130008000 (11 bytes)
1747387439.977192 sending message 112 to peer 0x130008000 (9 bytes)
1747387439.977195 sending message 112 to peer 0x130008000 (10 bytes)
1747387439.977197 sending message 112 to peer 0x130008000 (10 bytes)
1747387439.977200 sending message 112 to peer 0x130008000 (10 bytes)
1747387439.977209 sending message 112 to peer 0x130008000 (10 bytes)
1747387439.977211 sending message 112 to peer 0x130008000 (11 bytes)
1747387439.977213 sending message 112 to peer 0x130008000 (12 bytes)
1747387439.977215 sending message 112 to peer 0x130008000 (12 bytes)
1747387439.977216 sending message 112 to peer 0x130008000 (12 bytes)
1747387439.977218 sending message 112 to peer 0x130008000 (12 bytes)
1747387439.977220 sending message 112 to peer 0x130008000 (12 bytes)
1747387439.977222 sending message 112 to peer 0x130008000 (11 bytes)
1747387439.977224 sending message 112 to peer 0x130008000 (11 bytes)
1747387439.977225 sending message 112 to peer 0x130008000 (12 bytes)
1747387439.977227 sending message 112 to peer 0x130008000 (12 bytes)
1747387439.977229 sending message 112 to peer 0x130008000 (12 bytes)
1747387439.977231 sending message 112 to peer 0x130008000 (12 bytes)
1747387439.977233 sending message 112 to peer 0x130008000 (12 bytes)
1747387439.977234 sending message 112 to peer 0x130008000 (10 bytes)
1747387439.977236 sending message 112 to peer 0x130008000 (12 bytes)
1747387439.977238 sending message 112 to peer 0x130008000 (13 bytes)
1747387439.977240 sending message 112 to peer 0x130008000 (13 bytes)
1747387439.977241 sending message 112 to peer 0x130008000 (13 bytes)
1747387439.977243 sending message 112 to peer 0x130008000 (13 bytes)
1747387439.977245 sending message 112 to peer 0x130008000 (13 bytes)
1747387439.977247 sending message 112 to peer 0x130008000 (8 bytes)
1747387439.977249 sending message 112 to peer 0x130008000 (11 bytes)
1747387439.977250 sending message 112 to peer 0x130008000 (11 bytes)
1747387439.977252 sending message 112 to peer 0x130008000 (11 bytes)
1747387439.977254 sending message 112 to peer 0x130008000 (12 bytes)
1747387439.977255 sending message 112 to peer 0x130008000 (12 bytes)
1747387439.977257 sending message 112 to peer 0x130008000 (12 bytes)
1747387439.977259 sending message 112 to peer 0x130008000 (12 bytes)
1747387439.977261 sending message 112 to peer 0x130008000 (13 bytes)
1747387439.977263 sending message 112 to peer 0x130008000 (13 bytes)
1747387439.977265 sending message 112 to peer 0x130008000 (13 bytes)
1747387439.977266 sending message 112 to peer 0x130008000 (8 bytes)
1747387439.977268 sending message 112 to peer 0x130008000 (13 bytes)
1747387439.977270 sending message 112 to peer 0x130008000 (13 bytes)
1747387439.977272 sending message 112 to peer 0x130008000 (13 bytes)
1747387439.977274 sending message 112 to peer 0x130008000 (13 bytes)
1747387439.977275 sending message 112 to peer 0x130008000 (13 bytes)
1747387439.977277 sending message 112 to peer 0x130008000 (12 bytes)
1747387439.977279 sending message 112 to peer 0x130008000 (12 bytes)
1747387439.977281 sending message 112 to peer 0x130008000 (12 bytes)
1747387439.977282 sending message 112 to peer 0x130008000 (12 bytes)
1747387439.977284 sending message 112 to peer 0x130008000 (13 bytes)
1747387439.977286 sending message 112 to peer 0x130008000 (8 bytes)
1747387439.977288 sending message 112 to peer 0x130008000 (13 bytes)
1747387439.977289 sending message 112 to peer 0x130008000 (13 bytes)
1747387439.977291 sending message 112 to peer 0x130008000 (13 bytes)
1747387439.977293 sending message 112 to peer 0x130008000 (13 bytes)
1747387439.977295 sending message 112 to peer 0x130008000 (13 bytes)
1747387439.977296 sending message 112 to peer 0x130008000 (13 bytes)
1747387439.977298 sending message 112 to peer 0x130008000 (13 bytes)
1747387439.977300 sending message 112 to peer 0x130008000 (12 bytes)
1747387439.977302 sending message 112 to peer 0x130008000 (12 bytes)
1747387439.977303 sending message 112 to peer 0x130008000 (12 bytes)
1747387439.977305 sending message 112 to peer 0x130008000 (8 bytes)
1747387439.977307 sending message 112 to peer 0x130008000 (12 bytes)
1747387439.977309 sending message 112 to peer 0x130008000 (13 bytes)
1747387439.977311 sending message 112 to peer 0x130008000 (13 bytes)
1747387439.977313 sending message 112 to peer 0x130008000 (13 bytes)
1747387439.977318 sending message 112 to peer 0x130008000 (13 bytes)
1747387439.977320 sending message 112 to peer 0x130008000 (13 bytes)
1747387439.977322 sending message 112 to peer 0x130008000 (13 bytes)
1747387439.977323 sending message 112 to peer 0x130008000 (13 bytes)
1747387439.977325 sending message 112 to peer 0x130008000 (13 bytes)
1747387439.977327 sending message 112 to peer 0x130008000 (12 bytes)
1747387439.977329 sending message 112 to peer 0x130008000 (10 bytes)
1747387439.977330 sending message 112 to peer 0x130008000 (12 bytes)
1747387439.977332 sending message 112 to peer 0x130008000 (12 bytes)
1747387439.977334 sending message 112 to peer 0x130008000 (12 bytes)
1747387439.977336 sending message 112 to peer 0x130008000 (13 bytes)
1747387439.977337 sending message 112 to peer 0x130008000 (13 bytes)
1747387439.977339 sending message 112 to peer 0x130008000 (13 bytes)
1747387439.977341 sending message 112 to peer 0x130008000 (13 bytes)
1747387439.977343 sending message 112 to peer 0x130008000 (13 bytes)
1747387439.977344 sending message 112 to peer 0x130008000 (13 bytes)
1747387439.977346 sending message 112 to peer 0x130008000 (13 bytes)
1747387439.977348 sending message 112 to peer 0x130008000 (10 bytes)
1747387439.977350 sending message 112 to peer 0x130008000 (13 bytes)
1747387439.977351 sending message 112 to peer 0x130008000 (12 bytes)
1747387439.977353 sending message 112 to peer 0x130008000 (12 bytes)
1747387439.977355 sending message 112 to peer 0x130008000 (12 bytes)
1747387439.977357 sending message 112 to peer 0x130008000 (10 bytes)
1747387439.977359 sending message 112 to peer 0x130008000 (10 bytes)
1747387439.977360 sending message 112 to peer 0x130008000 (10 bytes)
1747387439.977362 sending message 112 to peer 0x130008000 (12 bytes)
1747387439.977364 sending message 112 to peer 0x130008000 (13 bytes)
1747387439.977365 sending message 112 to peer 0x130008000 (13 bytes)
1747387439.977367 sending message 112 to peer 0x130008000 (13 bytes)
1747387439.977369 sending message 112 to peer 0x130008000 (13 bytes)
1747387439.977371 sending message 112 to peer 0x130008000 (13 bytes)
1747387439.977373 sending message 112 to peer 0x130008000 (11 bytes)
1747387439.977374 sending message 112 to peer 0x130008000 (11 bytes)
1747387439.977376 sending message 112 to peer 0x130008000 (12 bytes)
1747387439.977378 sending message 112 to peer 0x130008000 (12 bytes)
1747387439.977380 sending message 112 to peer 0x130008000 (12 bytes)
1747387439.977381 sending message 112 to peer 0x130008000 (12 bytes)
1747387439.977383 sending message 112 to peer 0x130008000 (12 bytes)
1747387439.977385 sending message 112 to peer 0x130008000 (11 bytes)
1747387439.977387 sending message 112 to peer 0x130008000 (12 bytes)
1747387439.977388 sending message 112 to peer 0x130008000 (12 bytes)
1747387439.977390 sending message 112 to peer 0x130008000 (13 bytes)
1747387439.977392 sending message 112 to peer 0x130008000 (13 bytes)
1747387439.977394 sending message 112 to peer 0x130008000 (13 bytes)
1747387439.977396 sending message 112 to peer 0x130008000 (13 bytes)
1747387439.977397 sending message 112 to peer 0x130008000 (13 bytes)
1747387439.977399 sending message 112 to peer 0x130008000 (10 bytes)
1747387439.977401 sending message 112 to peer 0x130008000 (9 bytes)
1747387439.977403 sending message 112 to peer 0x130008000 (12 bytes)
1747387439.977404 sending message 112 to peer 0x130008000 (13 bytes)
1747387439.977406 sending message 112 to peer 0x130008000 (13 bytes)
1747387439.977408 sending message 112 to peer 0x130008000 (13 bytes)
1747387439.977409 sending message 112 to peer 0x130008000 (13 bytes)
1747387439.977411 sending message 112 to peer 0x130008000 (13 bytes)
1747387439.977413 sending message 112 to peer 0x130008000 (9 bytes)
1747387439.977415 sending message 112 to peer 0x130008000 (12 bytes)
1747387439.977416 sending message 112 to peer 0x130008000 (13 bytes)
1747387439.977418 sending message 112 to peer 0x130008000 (13 bytes)
1747387439.977420 sending message 112 to peer 0x130008000 (13 bytes)
1747387439.977422 sending message 112 to peer 0x130008000 (13 bytes)
1747387439.977427 sending message 112 to peer 0x130008000 (13 bytes)
1747387439.977429 sending message 112 to peer 0x130008000 (11 bytes)
1747387439.977430 sending message 112 to peer 0x130008000 (12 bytes)
1747387439.977432 sending message 112 to peer 0x130008000 (13 bytes)
1747387439.977434 sending message 112 to peer 0x130008000 (13 bytes)
1747387439.977436 sending message 112 to peer 0x130008000 (13 bytes)
1747387439.977438 sending message 112 to peer 0x130008000 (13 bytes)
1747387439.977440 sending message 112 to peer 0x130008000 (13 bytes)
1747387439.977441 sending message 112 to peer 0x130008000 (11 bytes)
1747387439.977443 sending message 112 to peer 0x130008000 (12 bytes)
1747387439.977445 sending message 112 to peer 0x130008000 (12 bytes)
1747387439.977447 sending message 112 to peer 0x130008000 (12 bytes)
1747387439.977448 sending message 112 to peer 0x130008000 (12 bytes)
1747387439.977450 sending message 112 to peer 0x130008000 (12 bytes)
1747387439.977452 sending message 112 to peer 0x130008000 (21 bytes)
1747387439.977454 sending message 112 to peer 0x130008000 (12 bytes)
1747387439.977455 sending message 112 to peer 0x130008000 (9 bytes)
1747387439.977457 sending message 112 to peer 0x130008000 (6 bytes)
1747387439.977459 sending message 112 to peer 0x130008000 (13 bytes)
1747387439.977461 sending message 112 to peer 0x130008000 (8 bytes)
1747387439.977463 sending message 112 to peer 0x130008000 (15 bytes)
1747387439.977464 sending message 112 to peer 0x130008000 (13 bytes)
1747387439.977466 sending message 112 to peer 0x130008000 (9 bytes)
1747387439.977468 sending message 112 to peer 0x130008000 (70 bytes)
1747387439.977470 sending message 112 to peer 0x130008000 (69 bytes)
1747387439.977471 sending message 112 to peer 0x130008000 (10 bytes)
1747387439.977473 sending message 112 to peer 0x130008000 (10 bytes)
1747387439.977475 sending message 112 to peer 0x130008000 (8 bytes)
1747387439.977477 sending message 112 to peer 0x130008000 (15 bytes)
1747387439.977479 sending message 112 to peer 0x130008000 (13 bytes)
1747387439.977480 sending message 112 to peer 0x130008000 (10 bytes)
1747387439.977482 sending message 112 to peer 0x130008000 (10 bytes)
1747387439.977484 sending message 112 to peer 0x130008000 (17 bytes)
1747387439.977486 sending message 112 to peer 0x130008000 (10 bytes)
1747387439.977487 sending message 112 to peer 0x130008000 (13 bytes)
1747387439.977489 sending message 112 to peer 0x130008000 (9 bytes)
1747387439.977491 sending message 112 to peer 0x130008000 (5 bytes)
1747387439.977493 sending message 112 to peer 0x130008000 (15 bytes)
1747387439.977495 sending message 104 to peer 0x130008000 (0 bytes)
1747387439.977497 sending message 110 to peer 0x130008000 (0 bytes)
1747387439.977499 sending message 107 to peer 0x130008000 (4 bytes)
1747387439.977501 sending message 105 to peer 0x130008000 (43 bytes)
1747387439.977502 sending message 105 to peer 0x130008000 (37 bytes)
1747387439.977504 sending message 105 to peer 0x130008000 (20 bytes)
1747387439.977506 sending message 105 to peer 0x130008000 (22 bytes)
1747387439.977508 sending message 105 to peer 0x130008000 (23 bytes)
1747387439.977510 sending message 105 to peer 0x130008000 (57 bytes)
1747387439.977512 sending message 105 to peer 0x130008000 (75 bytes)
1747387439.977513 sending message 105 to peer 0x130008000 (36 bytes)
1747387439.977515 sending message 105 to peer 0x130008000 (25 bytes)
1747387439.977517 sending message 105 to peer 0x130008000 (37 bytes)
1747387439.977519 sending message 105 to peer 0x130008000 (30 bytes)
1747387439.977520 sending message 105 to peer 0x130008000 (34 bytes)
1747387439.977522 sending message 105 to peer 0x130008000 (60 bytes)
1747387439.977524 sending message 105 to peer 0x130008000 (17 bytes)
1747387439.977526 sending message 105 to peer 0x130008000 (8 bytes)
1747387439.977527 sending message 105 to peer 0x130008000 (37 bytes)
1747387439.977529 sending message 105 to peer 0x130008000 (21 bytes)
1747387439.977531 sending message 105 to peer 0x130008000 (32 bytes)
1747387439.977537 sending message 105 to peer 0x130008000 (96 bytes)
1747387439.977539 sending message 105 to peer 0x130008000 (222 bytes)
1747387439.977541 sending message 105 to peer 0x130008000 (60 bytes)
1747387439.977543 sending message 105 to peer 0x130008000 (16 bytes)
1747387439.977544 sending message 105 to peer 0x130008000 (33 bytes)
1747387439.977546 sending message 105 to peer 0x130008000 (69 bytes)
1747387439.977548 sending message 105 to peer 0x130008000 (37 bytes)
1747387439.977550 sending message 105 to peer 0x130008000 (10 bytes)
1747387439.977551 sending message 105 to peer 0x130008000 (12 bytes)
1747387439.977553 sending message 105 to peer 0x130008000 (11 bytes)
1747387439.977555 sending message 105 to peer 0x130008000 (1067 bytes)
1747387439.977557 sending message 105 to peer 0x130008000 (36 bytes)
1747387439.977559 sending message 105 to peer 0x130008000 (34 bytes)
1747387439.977562 sending message 105 to peer 0x130008000 (38 bytes)
1747387439.977564 sending message 105 to peer 0x130008000 (16 bytes)
1747387439.977566 sending message 105 to peer 0x130008000 (30 bytes)
1747387439.977567 sending message 105 to peer 0x130008000 (36 bytes)
1747387439.977569 sending message 105 to peer 0x130008000 (15 bytes)
1747387439.977571 sending message 105 to peer 0x130008000 (8 bytes)
1747387439.977572 sending message 105 to peer 0x130008000 (66 bytes)
1747387439.977574 sending message 105 to peer 0x130008000 (38 bytes)
1747387439.977576 sending message 105 to peer 0x130008000 (19 bytes)
1747387439.977578 sending message 105 to peer 0x130008000 (19 bytes)
1747387439.977579 sending message 105 to peer 0x130008000 (63 bytes)
1747387439.977581 sending message 105 to peer 0x130008000 (18 bytes)
1747387439.977583 sending message 105 to peer 0x130008000 (26 bytes)
1747387439.977585 sending message 105 to peer 0x130008000 (57 bytes)
1747387439.977587 sending message 105 to peer 0x130008000 (44 bytes)
1747387439.977588 sending message 105 to peer 0x130008000 (14 bytes)
1747387439.977590 sending message 105 to peer 0x130008000 (60 bytes)
1747387439.977592 sending message 105 to peer 0x130008000 (18 bytes)
1747387439.977594 sending message 105 to peer 0x130008000 (98 bytes)
1747387439.977595 sending message 105 to peer 0x130008000 (14 bytes)
1747387439.977597 sending message 105 to peer 0x130008000 (19 bytes)
1747387439.977599 sending message 105 to peer 0x130008000 (26 bytes)
1747387439.977601 sending message 105 to peer 0x130008000 (22 bytes)
1747387439.977602 sending message 105 to peer 0x130008000 (43 bytes)
1747387439.977604 sending message 105 to peer 0x130008000 (32 bytes)
1747387439.977606 sending message 105 to peer 0x130008000 (52 bytes)
1747387439.977608 sending message 105 to peer 0x130008000 (47 bytes)
1747387439.977609 sending message 105 to peer 0x130008000 (16 bytes)
1747387439.977611 sending message 105 to peer 0x130008000 (35 bytes)
1747387439.977613 sending message 105 to peer 0x130008000 (49 bytes)
1747387439.977615 sending message 105 to peer 0x130008000 (9 bytes)
1747387439.977616 sending message 105 to peer 0x130008000 (17 bytes)
1747387439.977618 sending message 105 to peer 0x130008000 (19 bytes)
1747387439.977620 sending message 105 to peer 0x130008000 (68 bytes)
1747387439.977622 sending message 105 to peer 0x130008000 (45 bytes)
1747387439.977623 sending message 105 to peer 0x130008000 (104 bytes)
1747387439.977625 sending message 105 to peer 0x130008000 (68 bytes)
1747387439.977627 sending message 105 to peer 0x130008000 (15 bytes)
1747387439.977629 sending message 105 to peer 0x130008000 (23 bytes)
1747387439.977630 sending message 105 to peer 0x130008000 (53 bytes)
1747387439.977632 sending message 105 to peer 0x130008000 (29 bytes)
1747387439.977634 sending message 105 to peer 0x130008000 (28 bytes)
1747387439.977636 sending message 105 to peer 0x130008000 (21 bytes)
1747387439.977637 sending message 105 to peer 0x130008000 (18 bytes)
1747387439.977639 sending message 105 to peer 0x130008000 (29 bytes)
1747387439.977641 sending message 105 to peer 0x130008000 (34 bytes)
1747387439.977643 sending message 105 to peer 0x130008000 (25 bytes)
1747387439.977647 sending message 106 to peer 0x130008000 (0 bytes)
1747387439.977686 sending message 200 to peer 0x130008000 (4 bytes)
1747387439.977689 client loop enter
1747387439.977809 peer 0x130008000 message 303
1747387439.977813 open write file 2 -
1747387439.977822 sending message 305 to peer 0x130008000 (8 bytes)
1747387439.977828 write check file 2
1747387439.977839 peer 0x130008000 message 304
1747387439.977841 write 58 to file 2
1747387439.977844 peer 0x130008000 message 203
1747387439.977846 file 2 58 bytes left
1747387439.977853 write check file 2
1747387439.977855 client loop exit
